Traceback (most recent call last):
  File "/opt/hostedtoolcache/Python/3.8.18/x64/lib/python3.8/site-packages/jupyter_cache/executors/utils.py", line 51, in single_nb_execution
    executenb(
  File "/opt/hostedtoolcache/Python/3.8.18/x64/lib/python3.8/site-packages/nbclient/client.py", line 1204, in execute
    return NotebookClient(nb=nb, resources=resources, km=km, **kwargs).execute()
  File "/opt/hostedtoolcache/Python/3.8.18/x64/lib/python3.8/site-packages/nbclient/util.py", line 84, in wrapped
    return just_run(coro(*args, **kwargs))
  File "/opt/hostedtoolcache/Python/3.8.18/x64/lib/python3.8/site-packages/nbclient/util.py", line 62, in just_run
    return loop.run_until_complete(coro)
  File "/opt/hostedtoolcache/Python/3.8.18/x64/lib/python3.8/asyncio/base_events.py", line 616, in run_until_complete
    return future.result()
  File "/opt/hostedtoolcache/Python/3.8.18/x64/lib/python3.8/site-packages/nbclient/client.py", line 663, in async_execute
    await self.async_execute_cell(
  File "/opt/hostedtoolcache/Python/3.8.18/x64/lib/python3.8/site-packages/nbclient/client.py", line 965, in async_execute_cell
    await self._check_raise_for_error(cell, cell_index, exec_reply)
  File "/opt/hostedtoolcache/Python/3.8.18/x64/lib/python3.8/site-packages/nbclient/client.py", line 862, in _check_raise_for_error
    raise CellExecutionError.from_cell_and_msg(cell, exec_reply_content)
nbclient.exceptions.CellExecutionError: An error occurred while executing the following cell:
------------------
service = Service(executable_path=ChromeDriverManager().install())
driver = webdriver.Chrome(service=service)
url = "https://www.kff.org/interactive/subsidy-calculator/"
driver.get(url)
------------------

[0;31m---------------------------------------------------------------------------[0m
[0;31mSessionNotCreatedException[0m                Traceback (most recent call last)
Cell [0;32mIn[2], line 2[0m
[1;32m      1[0m service [38;5;241m=[39m Service(executable_path[38;5;241m=[39mChromeDriverManager()[38;5;241m.[39minstall())
[0;32m----> 2[0m driver [38;5;241m=[39m [43mwebdriver[49m[38;5;241;43m.[39;49m[43mChrome[49m[43m([49m[43mservice[49m[38;5;241;43m=[39;49m[43mservice[49m[43m)[49m
[1;32m      3[0m url [38;5;241m=[39m [38;5;124m"[39m[38;5;124mhttps://www.kff.org/interactive/subsidy-calculator/[39m[38;5;124m"[39m
[1;32m      4[0m driver[38;5;241m.[39mget(url)

File [0;32m/opt/hostedtoolcache/Python/3.8.18/x64/lib/python3.8/site-packages/selenium/webdriver/chrome/webdriver.py:45[0m, in [0;36mWebDriver.__init__[0;34m(self, options, service, keep_alive)[0m
[1;32m     42[0m service [38;5;241m=[39m service [38;5;28;01mif[39;00m service [38;5;28;01melse[39;00m Service()
[1;32m     43[0m options [38;5;241m=[39m options [38;5;28;01mif[39;00m options [38;5;28;01melse[39;00m Options()
[0;32m---> 45[0m [38;5;28;43msuper[39;49m[43m([49m[43m)[49m[38;5;241;43m.[39;49m[38;5;21;43m__init__[39;49m[43m([49m
[1;32m     46[0m [43m    [49m[43mbrowser_name[49m[38;5;241;43m=[39;49m[43mDesiredCapabilities[49m[38;5;241;43m.[39;49m[43mCHROME[49m[43m[[49m[38;5;124;43m"[39;49m[38;5;124;43mbrowserName[39;49m[38;5;124;43m"[39;49m[43m][49m[43m,[49m
[1;32m     47[0m [43m    [49m[43mvendor_prefix[49m[38;5;241;43m=[39;49m[38;5;124;43m"[39;49m[38;5;124;43mgoog[39;49m[38;5;124;43m"[39;49m[43m,[49m
[1;32m     48[0m [43m    [49m[43moptions[49m[38;5;241;43m=[39;49m[43moptions[49m[43m,[49m
[1;32m     49[0m [43m    [49m[43mservice[49m[38;5;241;43m=[39;49m[43mservice[49m[43m,[49m
[1;32m     50[0m [43m    [49m[43mkeep_alive[49m[38;5;241;43m=[39;49m[43mkeep_alive[49m[43m,[49m
[1;32m     51[0m [43m[49m[43m)[49m

File [0;32m/opt/hostedtoolcache/Python/3.8.18/x64/lib/python3.8/site-packages/selenium/webdriver/chromium/webdriver.py:66[0m, in [0;36mChromiumDriver.__init__[0;34m(self, browser_name, vendor_prefix, options, service, keep_alive)[0m
[1;32m     57[0m executor [38;5;241m=[39m ChromiumRemoteConnection(
[1;32m     58[0m     remote_server_addr[38;5;241m=[39m[38;5;28mself[39m[38;5;241m.[39mservice[38;5;241m.[39mservice_url,
[1;32m     59[0m     browser_name[38;5;241m=[39mbrowser_name,
[0;32m   (...)[0m
[1;32m     62[0m     ignore_proxy[38;5;241m=[39moptions[38;5;241m.[39m_ignore_local_proxy,
[1;32m     63[0m )
[1;32m     65[0m [38;5;28;01mtry[39;00m:
[0;32m---> 66[0m     [38;5;28;43msuper[39;49m[43m([49m[43m)[49m[38;5;241;43m.[39;49m[38;5;21;43m__init__[39;49m[43m([49m[43mcommand_executor[49m[38;5;241;43m=[39;49m[43mexecutor[49m[43m,[49m[43m [49m[43moptions[49m[38;5;241;43m=[39;49m[43moptions[49m[43m)[49m
[1;32m     67[0m [38;5;28;01mexcept[39;00m [38;5;167;01mException[39;00m:
[1;32m     68[0m     [38;5;28mself[39m[38;5;241m.[39mquit()

File [0;32m/opt/hostedtoolcache/Python/3.8.18/x64/lib/python3.8/site-packages/selenium/webdriver/remote/webdriver.py:208[0m, in [0;36mWebDriver.__init__[0;34m(self, command_executor, keep_alive, file_detector, options)[0m
[1;32m    206[0m [38;5;28mself[39m[38;5;241m.[39m_authenticator_id [38;5;241m=[39m [38;5;28;01mNone[39;00m
[1;32m    207[0m [38;5;28mself[39m[38;5;241m.[39mstart_client()
[0;32m--> 208[0m [38;5;28;43mself[39;49m[38;5;241;43m.[39;49m[43mstart_session[49m[43m([49m[43mcapabilities[49m[43m)[49m

File [0;32m/opt/hostedtoolcache/Python/3.8.18/x64/lib/python3.8/site-packages/selenium/webdriver/remote/webdriver.py:292[0m, in [0;36mWebDriver.start_session[0;34m(self, capabilities)[0m
[1;32m    285[0m [38;5;250m[39m[38;5;124;03m"""Creates a new session with the desired capabilities.[39;00m
[1;32m    286[0m 
[1;32m    287[0m [38;5;124;03m:Args:[39;00m
[1;32m    288[0m [38;5;124;03m - capabilities - a capabilities dict to start the session with.[39;00m
[1;32m    289[0m [38;5;124;03m"""[39;00m
[1;32m    291[0m caps [38;5;241m=[39m _create_caps(capabilities)
[0;32m--> 292[0m response [38;5;241m=[39m [38;5;28;43mself[39;49m[38;5;241;43m.[39;49m[43mexecute[49m[43m([49m[43mCommand[49m[38;5;241;43m.[39;49m[43mNEW_SESSION[49m[43m,[49m[43m [49m[43mcaps[49m[43m)[49m[[38;5;124m"[39m[38;5;124mvalue[39m[38;5;124m"[39m]
[1;32m    293[0m [38;5;28mself[39m[38;5;241m.[39msession_id [38;5;241m=[39m response[38;5;241m.[39mget([38;5;124m"[39m[38;5;124msessionId[39m[38;5;124m"[39m)
[1;32m    294[0m [38;5;28mself[39m[38;5;241m.[39mcaps [38;5;241m=[39m response[38;5;241m.[39mget([38;5;124m"[39m[38;5;124mcapabilities[39m[38;5;124m"[39m)

File [0;32m/opt/hostedtoolcache/Python/3.8.18/x64/lib/python3.8/site-packages/selenium/webdriver/remote/webdriver.py:347[0m, in [0;36mWebDriver.execute[0;34m(self, driver_command, params)[0m
[1;32m    345[0m response [38;5;241m=[39m [38;5;28mself[39m[38;5;241m.[39mcommand_executor[38;5;241m.[39mexecute(driver_command, params)
[1;32m    346[0m [38;5;28;01mif[39;00m response:
[0;32m--> 347[0m     [38;5;28;43mself[39;49m[38;5;241;43m.[39;49m[43merror_handler[49m[38;5;241;43m.[39;49m[43mcheck_response[49m[43m([49m[43mresponse[49m[43m)[49m
[1;32m    348[0m     response[[38;5;124m"[39m[38;5;124mvalue[39m[38;5;124m"[39m] [38;5;241m=[39m [38;5;28mself[39m[38;5;241m.[39m_unwrap_value(response[38;5;241m.[39mget([38;5;124m"[39m[38;5;124mvalue[39m[38;5;124m"[39m, [38;5;28;01mNone[39;00m))
[1;32m    349[0m     [38;5;28;01mreturn[39;00m response

File [0;32m/opt/hostedtoolcache/Python/3.8.18/x64/lib/python3.8/site-packages/selenium/webdriver/remote/errorhandler.py:229[0m, in [0;36mErrorHandler.check_response[0;34m(self, response)[0m
[1;32m    227[0m         alert_text [38;5;241m=[39m value[[38;5;124m"[39m[38;5;124malert[39m[38;5;124m"[39m][38;5;241m.[39mget([38;5;124m"[39m[38;5;124mtext[39m[38;5;124m"[39m)
[1;32m    228[0m     [38;5;28;01mraise[39;00m exception_class(message, screen, stacktrace, alert_text)  [38;5;66;03m# type: ignore[call-arg]  # mypy is not smart enough here[39;00m
[0;32m--> 229[0m [38;5;28;01mraise[39;00m exception_class(message, screen, stacktrace)

[0;31mSessionNotCreatedException[0m: Message: session not created: Chrome failed to start: exited normally.
  (session not created: DevToolsActivePort file doesn't exist)
  (The process started from chrome location /opt/google/chrome/chrome is no longer running, so ChromeDriver is assuming that Chrome has crashed.)
Stacktrace:
#0 0x5616bcd82cb3 <unknown>
#1 0x5616bca714a7 <unknown>
#2 0x5616bcaa5a26 <unknown>
#3 0x5616bcaa1980 <unknown>
#4 0x5616bcaea7b0 <unknown>
#5 0x5616bcade1b3 <unknown>
#6 0x5616bcaaf24a <unknown>
#7 0x5616bcaafc1e <unknown>
#8 0x5616bcd46fdb <unknown>
#9 0x5616bcd4af2b <unknown>
#10 0x5616bcd330f1 <unknown>
#11 0x5616bcd4ba92 <unknown>
#12 0x5616bcd17faf <unknown>
#13 0x5616bcd71e08 <unknown>
#14 0x5616bcd71fe0 <unknown>
#15 0x5616bcd81e04 <unknown>
#16 0x7f02b3094ac3 <unknown>

SessionNotCreatedException: Message: session not created: Chrome failed to start: exited normally.
  (session not created: DevToolsActivePort file doesn't exist)
  (The process started from chrome location /opt/google/chrome/chrome is no longer running, so ChromeDriver is assuming that Chrome has crashed.)
Stacktrace:
#0 0x5616bcd82cb3 <unknown>
#1 0x5616bca714a7 <unknown>
#2 0x5616bcaa5a26 <unknown>
#3 0x5616bcaa1980 <unknown>
#4 0x5616bcaea7b0 <unknown>
#5 0x5616bcade1b3 <unknown>
#6 0x5616bcaaf24a <unknown>
#7 0x5616bcaafc1e <unknown>
#8 0x5616bcd46fdb <unknown>
#9 0x5616bcd4af2b <unknown>
#10 0x5616bcd330f1 <unknown>
#11 0x5616bcd4ba92 <unknown>
#12 0x5616bcd17faf <unknown>
#13 0x5616bcd71e08 <unknown>
#14 0x5616bcd71fe0 <unknown>
#15 0x5616bcd81e04 <unknown>
#16 0x7f02b3094ac3 <unknown>


